<?xml version="1.0" encoding="UTF-8"?>
<!-- Generated by org.testng.reporters.JUnitReportReporter -->
<testsuite hostname="DESKTOP-929L39E" failures="0" tests="2" name="tuhinasmvnacademy.SimpleJavaTest" time="0.014" errors="0" timestamp="2021-03-29T20:48:53 IST" skipped="0">
  <testcase classname="tuhinasmvnacademy.SimpleJavaTest" name="ElementUI" time="0.013"/>
  <system-out/>
  <testcase classname="tuhinasmvnacademy.SimpleJavaTest" name="Simpleautomation" time="0.001"/>
  <system-out/>
</testsuite> <!-- tuhinasmvnacademy.SimpleJavaTest -->
