<?xml version="1.0" encoding="UTF-8"?>
<!-- Generated by org.testng.reporters.JUnitReportReporter -->
<testsuite hostname="DESKTOP-929L39E" failures="0" tests="2" name="tuhinasmvnacademy.SeleniumTest" time="0.006" errors="0" timestamp="2021-03-29T20:50:06 IST" skipped="0">
  <testcase classname="tuhinasmvnacademy.SeleniumTest" name="WebElementUI" time="0.005"/>
  <system-out/>
  <testcase classname="tuhinasmvnacademy.SeleniumTest" name="Webautomation" time="0.001"/>
  <system-out/>
</testsuite> <!-- tuhinasmvnacademy.SeleniumTest -->
